# JRE version: Java(TM) SE Runtime Environment (23.0.2+7) (build 23.0.2+7-58)
# Java VM: Java HotSpot(TM) 64-Bit Server VM (23.0.2+7-58, mixed mode, sharing, tiered, compressed oops, compressed class ptrs, g1 gc, windows-amd64)
GC Precious Log:
 CardTable entry size: 512
 Card Set container configuration: InlinePtr #cards 4 size 8 Array Of Cards #cards 16 size 48 Howl #buckets 8 coarsen threshold 3686 Howl Bitmap #cards 512 size 80 coarsen threshold 460 Card regions per heap region 1 cards per card region 4096
 CPUs: 8 total, 8 available
 Memory: 16292M
 Large Page Support: Disabled
 NUMA Support: Disabled
 Compressed Oops: Enabled (Zero based)
 Heap Region Size: 2M
 Heap Min Capacity: 8M
 Heap Initial Capacity: 256M
 Heap Max Capacity: 4074M
 Pre-touch: Disabled
 Parallel Workers: 8
 Concurrent Workers: 2
 Concurrent Refinement Workers: 8
 Periodic GC: Disabled
Heap:
 garbage-first heap   total reserved 4171776K, committed 96256K, used 55646K [0x0000000701600000, 0x0000000800000000)
  region size 2048K, 13 young (26624K), 1 survivors (2048K)
 Metaspace       used 83238K, committed 84032K, reserved 1179648K
  class space    used 11142K, committed 11456K, reserved 1048576K
GC Heap History (20 events):
Event: 2180.015 GC heap after
{Heap after GC invocations=27 (full 2):
 garbage-first heap   total reserved 4171776K, committed 98304K, used 31431K [0x0000000701600000, 0x0000000800000000)
  region size 2048K, 3 young (6144K), 3 survivors (6144K)
 Metaspace       used 80409K, committed 81088K, reserved 1179648K
  class space    used 10981K, committed 11264K, reserved 1048576K
}
Event: 2225.610 GC heap before
{Heap before GC invocations=27 (full 2):
 garbage-first heap   total reserved 4171776K, committed 98304K, used 45767K [0x0000000701600000, 0x0000000800000000)
  region size 2048K, 11 young (22528K), 3 survivors (6144K)
 Metaspace       used 80483K, committed 81216K, reserved 1179648K
  class space    used 10985K, committed 11264K, reserved 1048576K
}
Event: 2225.691 GC heap after
{Heap after GC invocations=28 (full 3):
 garbage-first heap   total reserved 4171776K, committed 98304K, used 26135K [0x0000000701600000, 0x0000000800000000)
  region size 2048K, 0 young (0K), 0 survivors (0K)
 Metaspace       used 80480K, committed 81216K, reserved 1179648K
  class space    used 10984K, committed 11264K, reserved 1048576K
}
Event: 2226.367 GC heap before
{Heap before GC invocations=28 (full 3):
 garbage-first heap   total reserved 4171776K, committed 98304K, used 81431K [0x0000000701600000, 0x0000000800000000)
  region size 2048K, 27 young (55296K), 0 survivors (0K)
 Metaspace       used 80952K, committed 81600K, reserved 1179648K
  class space    used 11004K, committed 11264K, reserved 1048576K
}
Event: 2226.371 GC heap after
{Heap after GC invocations=29 (full 3):
 garbage-first heap   total reserved 4171776K, committed 98304K, used 31560K [0x0000000701600000, 0x0000000800000000)
  region size 2048K, 3 young (6144K), 3 survivors (6144K)
 Metaspace       used 80952K, committed 81600K, reserved 1179648K
  class space    used 11004K, committed 11264K, reserved 1048576K
}
Event: 2248.359 GC heap before
{Heap before GC invocations=29 (full 3):
 garbage-first heap   total reserved 4171776K, committed 98304K, used 47944K [0x0000000701600000, 0x0000000800000000)
  region size 2048K, 12 young (24576K), 3 survivors (6144K)
 Metaspace       used 81028K, committed 81728K, reserved 1179648K
  class space    used 11006K, committed 11264K, reserved 1048576K
}
Event: 2248.412 GC heap after
{Heap after GC invocations=30 (full 4):
 garbage-first heap   total reserved 4171776K, committed 98304K, used 26344K [0x0000000701600000, 0x0000000800000000)
  region size 2048K, 0 young (0K), 0 survivors (0K)
 Metaspace       used 81025K, committed 81728K, reserved 1179648K
  class space    used 11006K, committed 11264K, reserved 1048576K
}
Event: 2249.139 GC heap before
{Heap before GC invocations=30 (full 4):
 garbage-first heap   total reserved 4171776K, committed 98304K, used 79592K [0x0000000701600000, 0x0000000800000000)
  region size 2048K, 27 young (55296K), 0 survivors (0K)
 Metaspace       used 81476K, committed 82240K, reserved 1179648K
  class space    used 11024K, committed 11328K, reserved 1048576K
}
Event: 2249.145 GC heap after
{Heap after GC invocations=31 (full 4):
 garbage-first heap   total reserved 4171776K, committed 98304K, used 31834K [0x0000000701600000, 0x0000000800000000)
  region size 2048K, 3 young (6144K), 3 survivors (6144K)
 Metaspace       used 81476K, committed 82240K, reserved 1179648K
  class space    used 11024K, committed 11328K, reserved 1048576K
}
Event: 2291.729 GC heap before
{Heap before GC invocations=31 (full 4):
 garbage-first heap   total reserved 4171776K, committed 98304K, used 48218K [0x0000000701600000, 0x0000000800000000)
  region size 2048K, 12 young (24576K), 3 survivors (6144K)
 Metaspace       used 81558K, committed 82304K, reserved 1179648K
  class space    used 11025K, committed 11328K, reserved 1048576K
}
Event: 2291.802 GC heap after
{Heap after GC invocations=32 (full 5):
 garbage-first heap   total reserved 4171776K, committed 96256K, used 26546K [0x0000000701600000, 0x0000000800000000)
  region size 2048K, 0 young (0K), 0 survivors (0K)
 Metaspace       used 81555K, committed 82304K, reserved 1179648K
  class space    used 11025K, committed 11328K, reserved 1048576K
}
Event: 2292.372 GC heap before
{Heap before GC invocations=32 (full 5):
 garbage-first heap   total reserved 4171776K, committed 96256K, used 79794K [0x0000000701600000, 0x0000000800000000)
  region size 2048K, 27 young (55296K), 0 survivors (0K)
 Metaspace       used 81974K, committed 82688K, reserved 1179648K
  class space    used 11045K, committed 11328K, reserved 1048576K
}
Event: 2292.376 GC heap after
{Heap after GC invocations=33 (full 5):
 garbage-first heap   total reserved 4171776K, committed 96256K, used 31839K [0x0000000701600000, 0x0000000800000000)
  region size 2048K, 3 young (6144K), 3 survivors (6144K)
 Metaspace       used 81974K, committed 82688K, reserved 1179648K
  class space    used 11045K, committed 11328K, reserved 1048576K
}
Event: 2373.909 GC heap before
{Heap before GC invocations=33 (full 5):
 garbage-first heap   total reserved 4171776K, committed 96256K, used 48223K [0x0000000701600000, 0x0000000800000000)
  region size 2048K, 12 young (24576K), 3 survivors (6144K)
 Metaspace       used 82030K, committed 82752K, reserved 1179648K
  class space    used 11047K, committed 11328K, reserved 1048576K
}
Event: 2373.978 GC heap after
{Heap after GC invocations=34 (full 6):
 garbage-first heap   total reserved 4171776K, committed 96256K, used 26757K [0x0000000701600000, 0x0000000800000000)
  region size 2048K, 0 young (0K), 0 survivors (0K)
 Metaspace       used 82027K, committed 82752K, reserved 1179648K
  class space    used 11047K, committed 11328K, reserved 1048576K
}
Event: 2374.639 GC heap before
{Heap before GC invocations=34 (full 6):
 garbage-first heap   total reserved 4171776K, committed 96256K, used 77957K [0x0000000701600000, 0x0000000800000000)
  region size 2048K, 26 young (53248K), 0 survivors (0K)
 Metaspace       used 82398K, committed 83200K, reserved 1179648K
  class space    used 11065K, committed 11392K, reserved 1048576K
}
Event: 2374.645 GC heap after
{Heap after GC invocations=35 (full 6):
 garbage-first heap   total reserved 4171776K, committed 96256K, used 32055K [0x0000000701600000, 0x0000000800000000)
  region size 2048K, 3 young (6144K), 3 survivors (6144K)
 Metaspace       used 82398K, committed 83200K, reserved 1179648K
  class space    used 11065K, committed 11392K, reserved 1048576K
}
Event: 3702.128 GC heap before
{Heap before GC invocations=35 (full 6):
 garbage-first heap   total reserved 4171776K, committed 96256K, used 79159K [0x0000000701600000, 0x0000000800000000)
  region size 2048K, 26 young (53248K), 3 survivors (6144K)
 Metaspace       used 82729K, committed 83456K, reserved 1179648K
  class space    used 11091K, committed 11392K, reserved 1048576K
}
Event: 3702.134 GC heap after
{Heap after GC invocations=36 (full 6):
 garbage-first heap   total reserved 4171776K, committed 96256K, used 32679K [0x0000000701600000, 0x0000000800000000)
  region size 2048K, 1 young (2048K), 1 survivors (2048K)
 Metaspace       used 82729K, committed 83456K, reserved 1179648K
  class space    used 11091K, committed 11392K, reserved 1048576K
}
Event: 4081.914 GC heap before
{Heap before GC invocations=36 (full 6):
 garbage-first heap   total reserved 4171776K, committed 96256K, used 55207K [0x0000000701600000, 0x0000000800000000)
  region size 2048K, 13 young (26624K), 1 survivors (2048K)
 Metaspace       used 83238K, committed 84032K, reserved 1179648K
  class space    used 11142K, committed 11456K, reserved 1048576K
}

