# JRE version: Java(TM) SE Runtime Environment (23.0.2+7) (build 23.0.2+7-58)
# Java VM: Java HotSpot(TM) 64-Bit Server VM (23.0.2+7-58, mixed mode, sharing, tiered, compressed oops, compressed class ptrs, g1 gc, windows-amd64)
GC Precious Log:
 CardTable entry size: 512
 Card Set container configuration: InlinePtr #cards 4 size 8 Array Of Cards #cards 16 size 48 Howl #buckets 8 coarsen threshold 3686 Howl Bitmap #cards 512 size 80 coarsen threshold 460 Card regions per heap region 1 cards per card region 4096
 CPUs: 8 total, 8 available
 Memory: 16292M
 Large Page Support: Disabled
 NUMA Support: Disabled
 Compressed Oops: Enabled (Zero based)
 Heap Region Size: 2M
 Heap Min Capacity: 8M
 Heap Initial Capacity: 256M
 Heap Max Capacity: 4074M
 Pre-touch: Disabled
 Parallel Workers: 8
 Concurrent Workers: 2
 Concurrent Refinement Workers: 8
 Periodic GC: Disabled
Heap:
 garbage-first heap   total reserved 4171776K, committed 81920K, used 51596K [0x0000000701600000, 0x0000000800000000)
  region size 2048K, 17 young (34816K), 3 survivors (6144K)
 Metaspace       used 66678K, committed 67264K, reserved 1114112K
  class space    used 9141K, committed 9408K, reserved 1048576K
GC Heap History (20 events):
Event: 3.104 GC heap before
{Heap before GC invocations=8 (full 0):
 garbage-first heap   total reserved 4171776K, committed 49152K, used 37883K [0x0000000701600000, 0x0000000800000000)
  region size 2048K, 13 young (26624K), 2 survivors (4096K)
 Metaspace       used 27745K, committed 28032K, reserved 1114112K
  class space    used 3474K, committed 3584K, reserved 1048576K
}
Event: 3.107 GC heap after
{Heap after GC invocations=9 (full 0):
 garbage-first heap   total reserved 4171776K, committed 49152K, used 16025K [0x0000000701600000, 0x0000000800000000)
  region size 2048K, 2 young (4096K), 2 survivors (4096K)
 Metaspace       used 27745K, committed 28032K, reserved 1114112K
  class space    used 3474K, committed 3584K, reserved 1048576K
}
Event: 3.426 GC heap before
{Heap before GC invocations=9 (full 0):
 garbage-first heap   total reserved 4171776K, committed 49152K, used 36505K [0x0000000701600000, 0x0000000800000000)
  region size 2048K, 12 young (24576K), 2 survivors (4096K)
 Metaspace       used 29247K, committed 29568K, reserved 1114112K
  class space    used 3718K, committed 3840K, reserved 1048576K
}
Event: 3.430 GC heap after
{Heap after GC invocations=10 (full 0):
 garbage-first heap   total reserved 4171776K, committed 155648K, used 16830K [0x0000000701600000, 0x0000000800000000)
  region size 2048K, 2 young (4096K), 2 survivors (4096K)
 Metaspace       used 29247K, committed 29568K, reserved 1114112K
  class space    used 3718K, committed 3840K, reserved 1048576K
}
Event: 4.395 GC heap before
{Heap before GC invocations=10 (full 0):
 garbage-first heap   total reserved 4171776K, committed 155648K, used 80318K [0x0000000701600000, 0x0000000800000000)
  region size 2048K, 35 young (71680K), 2 survivors (4096K)
 Metaspace       used 35504K, committed 35968K, reserved 1114112K
  class space    used 4550K, committed 4800K, reserved 1048576K
}
Event: 4.401 GC heap after
{Heap after GC invocations=11 (full 0):
 garbage-first heap   total reserved 4171776K, committed 155648K, used 20122K [0x0000000701600000, 0x0000000800000000)
  region size 2048K, 4 young (8192K), 4 survivors (8192K)
 Metaspace       used 35504K, committed 35968K, reserved 1114112K
  class space    used 4550K, committed 4800K, reserved 1048576K
}
Event: 4.744 GC heap before
{Heap before GC invocations=12 (full 0):
 garbage-first heap   total reserved 4171776K, committed 81920K, used 61082K [0x0000000701600000, 0x0000000800000000)
  region size 2048K, 24 young (49152K), 4 survivors (8192K)
 Metaspace       used 39848K, committed 40384K, reserved 1114112K
  class space    used 5057K, committed 5312K, reserved 1048576K
}
Event: 4.750 GC heap after
{Heap after GC invocations=13 (full 0):
 garbage-first heap   total reserved 4171776K, committed 81920K, used 23439K [0x0000000701600000, 0x0000000800000000)
  region size 2048K, 1 young (2048K), 1 survivors (2048K)
 Metaspace       used 39848K, committed 40384K, reserved 1114112K
  class space    used 5057K, committed 5312K, reserved 1048576K
}
Event: 5.167 GC heap before
{Heap before GC invocations=13 (full 0):
 garbage-first heap   total reserved 4171776K, committed 81920K, used 68495K [0x0000000701600000, 0x0000000800000000)
  region size 2048K, 23 young (47104K), 1 survivors (2048K)
 Metaspace       used 43870K, committed 44416K, reserved 1114112K
  class space    used 5648K, committed 5888K, reserved 1048576K
}
Event: 5.171 GC heap after
{Heap after GC invocations=14 (full 0):
 garbage-first heap   total reserved 4171776K, committed 81920K, used 22470K [0x0000000701600000, 0x0000000800000000)
  region size 2048K, 2 young (4096K), 2 survivors (4096K)
 Metaspace       used 43870K, committed 44416K, reserved 1114112K
  class space    used 5648K, committed 5888K, reserved 1048576K
}
Event: 5.593 GC heap before
{Heap before GC invocations=14 (full 0):
 garbage-first heap   total reserved 4171776K, committed 81920K, used 67526K [0x0000000701600000, 0x0000000800000000)
  region size 2048K, 24 young (49152K), 2 survivors (4096K)
 Metaspace       used 47858K, committed 48320K, reserved 1114112K
  class space    used 6319K, committed 6528K, reserved 1048576K
}
Event: 5.596 GC heap after
{Heap after GC invocations=15 (full 0):
 garbage-first heap   total reserved 4171776K, committed 81920K, used 23401K [0x0000000701600000, 0x0000000800000000)
  region size 2048K, 2 young (4096K), 2 survivors (4096K)
 Metaspace       used 47858K, committed 48320K, reserved 1114112K
  class space    used 6319K, committed 6528K, reserved 1048576K
}
Event: 5.992 GC heap before
{Heap before GC invocations=15 (full 0):
 garbage-first heap   total reserved 4171776K, committed 81920K, used 68457K [0x0000000701600000, 0x0000000800000000)
  region size 2048K, 24 young (49152K), 2 survivors (4096K)
 Metaspace       used 52084K, committed 52608K, reserved 1114112K
  class space    used 6895K, committed 7104K, reserved 1048576K
}
Event: 5.996 GC heap after
{Heap after GC invocations=16 (full 0):
 garbage-first heap   total reserved 4171776K, committed 81920K, used 24071K [0x0000000701600000, 0x0000000800000000)
  region size 2048K, 2 young (4096K), 2 survivors (4096K)
 Metaspace       used 52084K, committed 52608K, reserved 1114112K
  class space    used 6895K, committed 7104K, reserved 1048576K
}
Event: 6.401 GC heap before
{Heap before GC invocations=16 (full 0):
 garbage-first heap   total reserved 4171776K, committed 81920K, used 69127K [0x0000000701600000, 0x0000000800000000)
  region size 2048K, 24 young (49152K), 2 survivors (4096K)
 Metaspace       used 57391K, committed 57920K, reserved 1114112K
  class space    used 7720K, committed 7936K, reserved 1048576K
}
Event: 6.406 GC heap after
{Heap after GC invocations=17 (full 0):
 garbage-first heap   total reserved 4171776K, committed 81920K, used 24938K [0x0000000701600000, 0x0000000800000000)
  region size 2048K, 2 young (4096K), 2 survivors (4096K)
 Metaspace       used 57391K, committed 57920K, reserved 1114112K
  class space    used 7720K, committed 7936K, reserved 1048576K
}
Event: 6.639 GC heap before
{Heap before GC invocations=17 (full 0):
 garbage-first heap   total reserved 4171776K, committed 81920K, used 49514K [0x0000000701600000, 0x0000000800000000)
  region size 2048K, 15 young (30720K), 2 survivors (4096K)
 Metaspace       used 59928K, committed 60416K, reserved 1114112K
  class space    used 8172K, committed 8384K, reserved 1048576K
}
Event: 6.643 GC heap after
{Heap after GC invocations=18 (full 0):
 garbage-first heap   total reserved 4171776K, committed 81920K, used 25333K [0x0000000701600000, 0x0000000800000000)
  region size 2048K, 2 young (4096K), 2 survivors (4096K)
 Metaspace       used 59928K, committed 60416K, reserved 1114112K
  class space    used 8172K, committed 8384K, reserved 1048576K
}
Event: 7.096 GC heap before
{Heap before GC invocations=19 (full 0):
 garbage-first heap   total reserved 4171776K, committed 81920K, used 70389K [0x0000000701600000, 0x0000000800000000)
  region size 2048K, 24 young (49152K), 2 survivors (4096K)
 Metaspace       used 63997K, committed 64576K, reserved 1114112K
  class space    used 8747K, committed 8960K, reserved 1048576K
}
Event: 7.101 GC heap after
{Heap after GC invocations=20 (full 0):
 garbage-first heap   total reserved 4171776K, committed 81920K, used 27020K [0x0000000701600000, 0x0000000800000000)
  region size 2048K, 3 young (6144K), 3 survivors (6144K)
 Metaspace       used 63997K, committed 64576K, reserved 1114112K
  class space    used 8747K, committed 8960K, reserved 1048576K
}

